# JMH version: 1.37
# VM version: JDK 17.0.16, OpenJDK 64-Bit Server VM, 17.0.16+8
# VM invoker: /usr/lib/jvm/temurin-17-jdk-amd64/bin/java
# VM options: -Xms1G -Xmx1G
# Blackhole mode: compiler (auto-detected, use -Djmh.blackhole.autoDetect=false to disable)
# Warmup: 2 iterations, 1 s each
# Measurement: 1 iterations, 1 s each
# Timeout: 10 min per iteration
# Threads: 1 thread, will synchronize iterations
# Benchmark mode: Throughput, ops/time
# Benchmark: no.rmz.rmatch.benchmarks.framework.ExtendedTestFramework.patternCompilationBenchmark
# Parameters: (patternCategory = SIMPLE, patternCount = 10)

# Run progress: 0.00% complete, ETA 00:00:36
# Fork: 1 of 1
# Warmup Iteration   1: <failure>

java.lang.RuntimeException: Compilation benchmark failed
	at no.rmz.rmatch.benchmarks.framework.ExtendedTestFramework.patternCompilationBenchmark(ExtendedTestFramework.java:310)
	at no.rmz.rmatch.benchmarks.framework.jmh_generated.ExtendedTestFramework_patternCompilationBenchmark_jmhTest.patternCompilationBenchmark_thrpt_jmhStub(ExtendedTestFramework_patternCompilationBenchmark_jmhTest.java:144)
	at no.rmz.rmatch.benchmarks.framework.jmh_generated.ExtendedTestFramework_patternCompilationBenchmark_jmhTest.patternCompilationBenchmark_Throughput(ExtendedTestFramework_patternCompilationBenchmark_jmhTest.java:84)
	at java.base/jdk.internal.reflect.NativeMethodAccessorImpl.invoke0(Native Method)
	at java.base/jdk.internal.reflect.NativeMethodAccessorImpl.invoke(NativeMethodAccessorImpl.java:77)
	at java.base/jdk.internal.reflect.DelegatingMethodAccessorImpl.invoke(DelegatingMethodAccessorImpl.java:43)
	at java.base/java.lang.reflect.Method.invoke(Method.java:569)
	at org.openjdk.jmh.runner.BenchmarkHandler$BenchmarkTask.call(BenchmarkHandler.java:527)
	at org.openjdk.jmh.runner.BenchmarkHandler$BenchmarkTask.call(BenchmarkHandler.java:504)
	at java.base/java.util.concurrent.FutureTask.run(FutureTask.java:264)
	at java.base/java.util.concurrent.Executors$RunnableAdapter.call(Executors.java:539)
	at java.base/java.util.concurrent.FutureTask.run(FutureTask.java:264)
	at java.base/java.util.concurrent.ThreadPoolExecutor.runWorker(ThreadPoolExecutor.java:1136)
	at java.base/java.util.concurrent.ThreadPoolExecutor$Worker.run(ThreadPoolExecutor.java:635)
	at java.base/java.lang.Thread.run(Thread.java:840)
Caused by: no.rmz.rmatch.compiler.RegexpParserException: Expected char after escape char: \
	at no.rmz.rmatch.compiler.SurfaceRegexpParser$PAux.parseQuotedChar(SurfaceRegexpParser.java:164)
	at no.rmz.rmatch.compiler.SurfaceRegexpParser$PAux.parseNextChar(SurfaceRegexpParser.java:125)
	at no.rmz.rmatch.compiler.SurfaceRegexpParser$PAux.parse(SurfaceRegexpParser.java:110)
	at no.rmz.rmatch.compiler.SurfaceRegexpParser.parse(SurfaceRegexpParser.java:52)
	at no.rmz.rmatch.compiler.NDFACompilerImpl.compile(NDFACompilerImpl.java:29)
	at no.rmz.rmatch.impls.RegexpStorageImpl.add(RegexpStorageImpl.java:97)
	at no.rmz.rmatch.impls.MatcherImpl.add(MatcherImpl.java:75)
	at no.rmz.rmatch.impls.MultiMatcher.add(MultiMatcher.java:114)
	at no.rmz.rmatch.benchmarks.framework.ExtendedTestFramework.patternCompilationBenchmark(ExtendedTestFramework.java:283)
	... 14 more




# JMH version: 1.37
# VM version: JDK 17.0.16, OpenJDK 64-Bit Server VM, 17.0.16+8
# VM invoker: /usr/lib/jvm/temurin-17-jdk-amd64/bin/java
# VM options: -Xms1G -Xmx1G
# Blackhole mode: compiler (auto-detected, use -Djmh.blackhole.autoDetect=false to disable)
# Warmup: 2 iterations, 1 s each
# Measurement: 1 iterations, 1 s each
# Timeout: 10 min per iteration
# Threads: 1 thread, will synchronize iterations
# Benchmark mode: Throughput, ops/time
# Benchmark: no.rmz.rmatch.benchmarks.framework.ExtendedTestFramework.patternCompilationBenchmark
# Parameters: (patternCategory = SIMPLE, patternCount = 50)

# Run progress: 8.33% complete, ETA 00:00:03
# Fork: 1 of 1
# Warmup Iteration   1: <failure>

java.lang.RuntimeException: Compilation benchmark failed
	at no.rmz.rmatch.benchmarks.framework.ExtendedTestFramework.patternCompilationBenchmark(ExtendedTestFramework.java:310)
	at no.rmz.rmatch.benchmarks.framework.jmh_generated.ExtendedTestFramework_patternCompilationBenchmark_jmhTest.patternCompilationBenchmark_thrpt_jmhStub(ExtendedTestFramework_patternCompilationBenchmark_jmhTest.java:144)
	at no.rmz.rmatch.benchmarks.framework.jmh_generated.ExtendedTestFramework_patternCompilationBenchmark_jmhTest.patternCompilationBenchmark_Throughput(ExtendedTestFramework_patternCompilationBenchmark_jmhTest.java:84)
	at java.base/jdk.internal.reflect.NativeMethodAccessorImpl.invoke0(Native Method)
	at java.base/jdk.internal.reflect.NativeMethodAccessorImpl.invoke(NativeMethodAccessorImpl.java:77)
	at java.base/jdk.internal.reflect.DelegatingMethodAccessorImpl.invoke(DelegatingMethodAccessorImpl.java:43)
	at java.base/java.lang.reflect.Method.invoke(Method.java:569)
	at org.openjdk.jmh.runner.BenchmarkHandler$BenchmarkTask.call(BenchmarkHandler.java:527)
	at org.openjdk.jmh.runner.BenchmarkHandler$BenchmarkTask.call(BenchmarkHandler.java:504)
	at java.base/java.util.concurrent.FutureTask.run(FutureTask.java:264)
	at java.base/java.util.concurrent.Executors$RunnableAdapter.call(Executors.java:539)
	at java.base/java.util.concurrent.FutureTask.run(FutureTask.java:264)
	at java.base/java.util.concurrent.ThreadPoolExecutor.runWorker(ThreadPoolExecutor.java:1136)
	at java.base/java.util.concurrent.ThreadPoolExecutor$Worker.run(ThreadPoolExecutor.java:635)
	at java.base/java.lang.Thread.run(Thread.java:840)
Caused by: no.rmz.rmatch.compiler.RegexpParserException: Expected char after escape char: \
	at no.rmz.rmatch.compiler.SurfaceRegexpParser$PAux.parseQuotedChar(SurfaceRegexpParser.java:164)
	at no.rmz.rmatch.compiler.SurfaceRegexpParser$PAux.parseNextChar(SurfaceRegexpParser.java:125)
	at no.rmz.rmatch.compiler.SurfaceRegexpParser$PAux.parse(SurfaceRegexpParser.java:110)
	at no.rmz.rmatch.compiler.SurfaceRegexpParser.parse(SurfaceRegexpParser.java:52)
	at no.rmz.rmatch.compiler.NDFACompilerImpl.compile(NDFACompilerImpl.java:29)
	at no.rmz.rmatch.impls.RegexpStorageImpl.add(RegexpStorageImpl.java:97)
	at no.rmz.rmatch.impls.MatcherImpl.add(MatcherImpl.java:75)
	at no.rmz.rmatch.impls.MultiMatcher.add(MultiMatcher.java:114)
	at no.rmz.rmatch.benchmarks.framework.ExtendedTestFramework.patternCompilationBenchmark(ExtendedTestFramework.java:283)
	... 14 more




# JMH version: 1.37
# VM version: JDK 17.0.16, OpenJDK 64-Bit Server VM, 17.0.16+8
# VM invoker: /usr/lib/jvm/temurin-17-jdk-amd64/bin/java
# VM options: -Xms1G -Xmx1G
# Blackhole mode: compiler (auto-detected, use -Djmh.blackhole.autoDetect=false to disable)
# Warmup: 2 iterations, 1 s each
# Measurement: 1 iterations, 1 s each
# Timeout: 10 min per iteration
# Threads: 1 thread, will synchronize iterations
# Benchmark mode: Throughput, ops/time
# Benchmark: no.rmz.rmatch.benchmarks.framework.ExtendedTestFramework.patternCompilationBenchmark
# Parameters: (patternCategory = SIMPLE, patternCount = 100)

# Run progress: 16.67% complete, ETA 00:00:03
# Fork: 1 of 1
# Warmup Iteration   1: <failure>

java.lang.RuntimeException: Compilation benchmark failed
	at no.rmz.rmatch.benchmarks.framework.ExtendedTestFramework.patternCompilationBenchmark(ExtendedTestFramework.java:310)
	at no.rmz.rmatch.benchmarks.framework.jmh_generated.ExtendedTestFramework_patternCompilationBenchmark_jmhTest.patternCompilationBenchmark_thrpt_jmhStub(ExtendedTestFramework_patternCompilationBenchmark_jmhTest.java:144)
	at no.rmz.rmatch.benchmarks.framework.jmh_generated.ExtendedTestFramework_patternCompilationBenchmark_jmhTest.patternCompilationBenchmark_Throughput(ExtendedTestFramework_patternCompilationBenchmark_jmhTest.java:84)
	at java.base/jdk.internal.reflect.NativeMethodAccessorImpl.invoke0(Native Method)
	at java.base/jdk.internal.reflect.NativeMethodAccessorImpl.invoke(NativeMethodAccessorImpl.java:77)
	at java.base/jdk.internal.reflect.DelegatingMethodAccessorImpl.invoke(DelegatingMethodAccessorImpl.java:43)
	at java.base/java.lang.reflect.Method.invoke(Method.java:569)
	at org.openjdk.jmh.runner.BenchmarkHandler$BenchmarkTask.call(BenchmarkHandler.java:527)
	at org.openjdk.jmh.runner.BenchmarkHandler$BenchmarkTask.call(BenchmarkHandler.java:504)
	at java.base/java.util.concurrent.FutureTask.run(FutureTask.java:264)
	at java.base/java.util.concurrent.Executors$RunnableAdapter.call(Executors.java:539)
	at java.base/java.util.concurrent.FutureTask.run(FutureTask.java:264)
	at java.base/java.util.concurrent.ThreadPoolExecutor.runWorker(ThreadPoolExecutor.java:1136)
	at java.base/java.util.concurrent.ThreadPoolExecutor$Worker.run(ThreadPoolExecutor.java:635)
	at java.base/java.lang.Thread.run(Thread.java:840)
Caused by: no.rmz.rmatch.compiler.RegexpParserException: Expected char after escape char: \
	at no.rmz.rmatch.compiler.SurfaceRegexpParser$PAux.parseQuotedChar(SurfaceRegexpParser.java:164)
	at no.rmz.rmatch.compiler.SurfaceRegexpParser$PAux.parseNextChar(SurfaceRegexpParser.java:125)
	at no.rmz.rmatch.compiler.SurfaceRegexpParser$PAux.parse(SurfaceRegexpParser.java:110)
	at no.rmz.rmatch.compiler.SurfaceRegexpParser.parse(SurfaceRegexpParser.java:52)
	at no.rmz.rmatch.compiler.NDFACompilerImpl.compile(NDFACompilerImpl.java:29)
	at no.rmz.rmatch.impls.RegexpStorageImpl.add(RegexpStorageImpl.java:97)
	at no.rmz.rmatch.impls.MatcherImpl.add(MatcherImpl.java:75)
	at no.rmz.rmatch.impls.MultiMatcher.add(MultiMatcher.java:114)
	at no.rmz.rmatch.benchmarks.framework.ExtendedTestFramework.patternCompilationBenchmark(ExtendedTestFramework.java:283)
	... 14 more




# JMH version: 1.37
# VM version: JDK 17.0.16, OpenJDK 64-Bit Server VM, 17.0.16+8
# VM invoker: /usr/lib/jvm/temurin-17-jdk-amd64/bin/java
# VM options: -Xms1G -Xmx1G
# Blackhole mode: compiler (auto-detected, use -Djmh.blackhole.autoDetect=false to disable)
# Warmup: 2 iterations, 1 s each
# Measurement: 1 iterations, 1 s each
# Timeout: 10 min per iteration
# Threads: 1 thread, will synchronize iterations
# Benchmark mode: Throughput, ops/time
# Benchmark: no.rmz.rmatch.benchmarks.framework.ExtendedTestFramework.patternCompilationBenchmark
# Parameters: (patternCategory = COMPLEX, patternCount = 10)

# Run progress: 25.00% complete, ETA 00:00:02
# Fork: 1 of 1
# Warmup Iteration   1: <failure>

java.lang.RuntimeException: Compilation benchmark failed
	at no.rmz.rmatch.benchmarks.framework.ExtendedTestFramework.patternCompilationBenchmark(ExtendedTestFramework.java:310)
	at no.rmz.rmatch.benchmarks.framework.jmh_generated.ExtendedTestFramework_patternCompilationBenchmark_jmhTest.patternCompilationBenchmark_thrpt_jmhStub(ExtendedTestFramework_patternCompilationBenchmark_jmhTest.java:144)
	at no.rmz.rmatch.benchmarks.framework.jmh_generated.ExtendedTestFramework_patternCompilationBenchmark_jmhTest.patternCompilationBenchmark_Throughput(ExtendedTestFramework_patternCompilationBenchmark_jmhTest.java:84)
	at java.base/jdk.internal.reflect.NativeMethodAccessorImpl.invoke0(Native Method)
	at java.base/jdk.internal.reflect.NativeMethodAccessorImpl.invoke(NativeMethodAccessorImpl.java:77)
	at java.base/jdk.internal.reflect.DelegatingMethodAccessorImpl.invoke(DelegatingMethodAccessorImpl.java:43)
	at java.base/java.lang.reflect.Method.invoke(Method.java:569)
	at org.openjdk.jmh.runner.BenchmarkHandler$BenchmarkTask.call(BenchmarkHandler.java:527)
	at org.openjdk.jmh.runner.BenchmarkHandler$BenchmarkTask.call(BenchmarkHandler.java:504)
	at java.base/java.util.concurrent.FutureTask.run(FutureTask.java:264)
	at java.base/java.util.concurrent.Executors$RunnableAdapter.call(Executors.java:539)
	at java.base/java.util.concurrent.FutureTask.run(FutureTask.java:264)
	at java.base/java.util.concurrent.ThreadPoolExecutor.runWorker(ThreadPoolExecutor.java:1136)
	at java.base/java.util.concurrent.ThreadPoolExecutor$Worker.run(ThreadPoolExecutor.java:635)
	at java.base/java.lang.Thread.run(Thread.java:840)
Caused by: no.rmz.rmatch.compiler.RegexpParserException: Expected char after escape char: \
	at no.rmz.rmatch.compiler.SurfaceRegexpParser$PAux.parseQuotedChar(SurfaceRegexpParser.java:164)
	at no.rmz.rmatch.compiler.SurfaceRegexpParser$PAux.parseNextChar(SurfaceRegexpParser.java:125)
	at no.rmz.rmatch.compiler.SurfaceRegexpParser$PAux.parse(SurfaceRegexpParser.java:110)
	at no.rmz.rmatch.compiler.SurfaceRegexpParser.parse(SurfaceRegexpParser.java:52)
	at no.rmz.rmatch.compiler.NDFACompilerImpl.compile(NDFACompilerImpl.java:29)
	at no.rmz.rmatch.impls.RegexpStorageImpl.add(RegexpStorageImpl.java:97)
	at no.rmz.rmatch.impls.MatcherImpl.add(MatcherImpl.java:75)
	at no.rmz.rmatch.impls.MultiMatcher.add(MultiMatcher.java:114)
	at no.rmz.rmatch.benchmarks.framework.ExtendedTestFramework.patternCompilationBenchmark(ExtendedTestFramework.java:283)
	... 14 more




# JMH version: 1.37
# VM version: JDK 17.0.16, OpenJDK 64-Bit Server VM, 17.0.16+8
# VM invoker: /usr/lib/jvm/temurin-17-jdk-amd64/bin/java
# VM options: -Xms1G -Xmx1G
# Blackhole mode: compiler (auto-detected, use -Djmh.blackhole.autoDetect=false to disable)
# Warmup: 2 iterations, 1 s each
# Measurement: 1 iterations, 1 s each
# Timeout: 10 min per iteration
# Threads: 1 thread, will synchronize iterations
# Benchmark mode: Throughput, ops/time
# Benchmark: no.rmz.rmatch.benchmarks.framework.ExtendedTestFramework.patternCompilationBenchmark
# Parameters: (patternCategory = COMPLEX, patternCount = 50)

# Run progress: 33.33% complete, ETA 00:00:02
# Fork: 1 of 1
# Warmup Iteration   1: <failure>

java.lang.RuntimeException: Compilation benchmark failed
	at no.rmz.rmatch.benchmarks.framework.ExtendedTestFramework.patternCompilationBenchmark(ExtendedTestFramework.java:310)
	at no.rmz.rmatch.benchmarks.framework.jmh_generated.ExtendedTestFramework_patternCompilationBenchmark_jmhTest.patternCompilationBenchmark_thrpt_jmhStub(ExtendedTestFramework_patternCompilationBenchmark_jmhTest.java:144)
	at no.rmz.rmatch.benchmarks.framework.jmh_generated.ExtendedTestFramework_patternCompilationBenchmark_jmhTest.patternCompilationBenchmark_Throughput(ExtendedTestFramework_patternCompilationBenchmark_jmhTest.java:84)
	at java.base/jdk.internal.reflect.NativeMethodAccessorImpl.invoke0(Native Method)
	at java.base/jdk.internal.reflect.NativeMethodAccessorImpl.invoke(NativeMethodAccessorImpl.java:77)
	at java.base/jdk.internal.reflect.DelegatingMethodAccessorImpl.invoke(DelegatingMethodAccessorImpl.java:43)
	at java.base/java.lang.reflect.Method.invoke(Method.java:569)
	at org.openjdk.jmh.runner.BenchmarkHandler$BenchmarkTask.call(BenchmarkHandler.java:527)
	at org.openjdk.jmh.runner.BenchmarkHandler$BenchmarkTask.call(BenchmarkHandler.java:504)
	at java.base/java.util.concurrent.FutureTask.run(FutureTask.java:264)
	at java.base/java.util.concurrent.Executors$RunnableAdapter.call(Executors.java:539)
	at java.base/java.util.concurrent.FutureTask.run(FutureTask.java:264)
	at java.base/java.util.concurrent.ThreadPoolExecutor.runWorker(ThreadPoolExecutor.java:1136)
	at java.base/java.util.concurrent.ThreadPoolExecutor$Worker.run(ThreadPoolExecutor.java:635)
	at java.base/java.lang.Thread.run(Thread.java:840)
Caused by: no.rmz.rmatch.compiler.RegexpParserException: Expected char after escape char: \
	at no.rmz.rmatch.compiler.SurfaceRegexpParser$PAux.parseQuotedChar(SurfaceRegexpParser.java:164)
	at no.rmz.rmatch.compiler.SurfaceRegexpParser$PAux.parseNextChar(SurfaceRegexpParser.java:125)
	at no.rmz.rmatch.compiler.SurfaceRegexpParser$PAux.parse(SurfaceRegexpParser.java:110)
	at no.rmz.rmatch.compiler.SurfaceRegexpParser.parse(SurfaceRegexpParser.java:52)
	at no.rmz.rmatch.compiler.NDFACompilerImpl.compile(NDFACompilerImpl.java:29)
	at no.rmz.rmatch.impls.RegexpStorageImpl.add(RegexpStorageImpl.java:97)
	at no.rmz.rmatch.impls.MatcherImpl.add(MatcherImpl.java:75)
	at no.rmz.rmatch.impls.MultiMatcher.add(MultiMatcher.java:114)
	at no.rmz.rmatch.benchmarks.framework.ExtendedTestFramework.patternCompilationBenchmark(ExtendedTestFramework.java:283)
	... 14 more




# JMH version: 1.37
# VM version: JDK 17.0.16, OpenJDK 64-Bit Server VM, 17.0.16+8
# VM invoker: /usr/lib/jvm/temurin-17-jdk-amd64/bin/java
# VM options: -Xms1G -Xmx1G
# Blackhole mode: compiler (auto-detected, use -Djmh.blackhole.autoDetect=false to disable)
# Warmup: 2 iterations, 1 s each
# Measurement: 1 iterations, 1 s each
# Timeout: 10 min per iteration
# Threads: 1 thread, will synchronize iterations
# Benchmark mode: Throughput, ops/time
# Benchmark: no.rmz.rmatch.benchmarks.framework.ExtendedTestFramework.patternCompilationBenchmark
# Parameters: (patternCategory = COMPLEX, patternCount = 100)

# Run progress: 41.67% complete, ETA 00:00:02
# Fork: 1 of 1
# Warmup Iteration   1: <failure>

java.lang.RuntimeException: Compilation benchmark failed
	at no.rmz.rmatch.benchmarks.framework.ExtendedTestFramework.patternCompilationBenchmark(ExtendedTestFramework.java:310)
	at no.rmz.rmatch.benchmarks.framework.jmh_generated.ExtendedTestFramework_patternCompilationBenchmark_jmhTest.patternCompilationBenchmark_thrpt_jmhStub(ExtendedTestFramework_patternCompilationBenchmark_jmhTest.java:144)
	at no.rmz.rmatch.benchmarks.framework.jmh_generated.ExtendedTestFramework_patternCompilationBenchmark_jmhTest.patternCompilationBenchmark_Throughput(ExtendedTestFramework_patternCompilationBenchmark_jmhTest.java:84)
	at java.base/jdk.internal.reflect.NativeMethodAccessorImpl.invoke0(Native Method)
	at java.base/jdk.internal.reflect.NativeMethodAccessorImpl.invoke(NativeMethodAccessorImpl.java:77)
	at java.base/jdk.internal.reflect.DelegatingMethodAccessorImpl.invoke(DelegatingMethodAccessorImpl.java:43)
	at java.base/java.lang.reflect.Method.invoke(Method.java:569)
	at org.openjdk.jmh.runner.BenchmarkHandler$BenchmarkTask.call(BenchmarkHandler.java:527)
	at org.openjdk.jmh.runner.BenchmarkHandler$BenchmarkTask.call(BenchmarkHandler.java:504)
	at java.base/java.util.concurrent.FutureTask.run(FutureTask.java:264)
	at java.base/java.util.concurrent.Executors$RunnableAdapter.call(Executors.java:539)
	at java.base/java.util.concurrent.FutureTask.run(FutureTask.java:264)
	at java.base/java.util.concurrent.ThreadPoolExecutor.runWorker(ThreadPoolExecutor.java:1136)
	at java.base/java.util.concurrent.ThreadPoolExecutor$Worker.run(ThreadPoolExecutor.java:635)
	at java.base/java.lang.Thread.run(Thread.java:840)
Caused by: no.rmz.rmatch.compiler.RegexpParserException: Expected char after escape char: \
	at no.rmz.rmatch.compiler.SurfaceRegexpParser$PAux.parseQuotedChar(SurfaceRegexpParser.java:164)
	at no.rmz.rmatch.compiler.SurfaceRegexpParser$PAux.parseNextChar(SurfaceRegexpParser.java:125)
	at no.rmz.rmatch.compiler.SurfaceRegexpParser$PAux.parse(SurfaceRegexpParser.java:110)
	at no.rmz.rmatch.compiler.SurfaceRegexpParser.parse(SurfaceRegexpParser.java:52)
	at no.rmz.rmatch.compiler.NDFACompilerImpl.compile(NDFACompilerImpl.java:29)
	at no.rmz.rmatch.impls.RegexpStorageImpl.add(RegexpStorageImpl.java:97)
	at no.rmz.rmatch.impls.MatcherImpl.add(MatcherImpl.java:75)
	at no.rmz.rmatch.impls.MultiMatcher.add(MultiMatcher.java:114)
	at no.rmz.rmatch.benchmarks.framework.ExtendedTestFramework.patternCompilationBenchmark(ExtendedTestFramework.java:283)
	... 14 more




# JMH version: 1.37
# VM version: JDK 17.0.16, OpenJDK 64-Bit Server VM, 17.0.16+8
# VM invoker: /usr/lib/jvm/temurin-17-jdk-amd64/bin/java
# VM options: -Xms1G -Xmx1G
# Blackhole mode: compiler (auto-detected, use -Djmh.blackhole.autoDetect=false to disable)
# Warmup: 2 iterations, 1 s each
# Measurement: 1 iterations, 1 s each
# Timeout: 10 min per iteration
# Threads: 1 thread, will synchronize iterations
# Benchmark mode: Throughput, ops/time
# Benchmark: no.rmz.rmatch.benchmarks.framework.ExtendedTestFramework.runTestSuite
# Parameters: (patternCategory = SIMPLE, patternCount = 10)

# Run progress: 50.00% complete, ETA 00:00:01
# Fork: 1 of 1
# Warmup Iteration   1: <failure>

java.lang.RuntimeException: Benchmark failed
	at no.rmz.rmatch.benchmarks.framework.ExtendedTestFramework.runTestSuite(ExtendedTestFramework.java:258)
	at no.rmz.rmatch.benchmarks.framework.jmh_generated.ExtendedTestFramework_runTestSuite_jmhTest.runTestSuite_thrpt_jmhStub(ExtendedTestFramework_runTestSuite_jmhTest.java:144)
	at no.rmz.rmatch.benchmarks.framework.jmh_generated.ExtendedTestFramework_runTestSuite_jmhTest.runTestSuite_Throughput(ExtendedTestFramework_runTestSuite_jmhTest.java:84)
	at java.base/jdk.internal.reflect.NativeMethodAccessorImpl.invoke0(Native Method)
	at java.base/jdk.internal.reflect.NativeMethodAccessorImpl.invoke(NativeMethodAccessorImpl.java:77)
	at java.base/jdk.internal.reflect.DelegatingMethodAccessorImpl.invoke(DelegatingMethodAccessorImpl.java:43)
	at java.base/java.lang.reflect.Method.invoke(Method.java:569)
	at org.openjdk.jmh.runner.BenchmarkHandler$BenchmarkTask.call(BenchmarkHandler.java:527)
	at org.openjdk.jmh.runner.BenchmarkHandler$BenchmarkTask.call(BenchmarkHandler.java:504)
	at java.base/java.util.concurrent.FutureTask.run(FutureTask.java:264)
	at java.base/java.util.concurrent.Executors$RunnableAdapter.call(Executors.java:539)
	at java.base/java.util.concurrent.FutureTask.run(FutureTask.java:264)
	at java.base/java.util.concurrent.ThreadPoolExecutor.runWorker(ThreadPoolExecutor.java:1136)
	at java.base/java.util.concurrent.ThreadPoolExecutor$Worker.run(ThreadPoolExecutor.java:635)
	at java.base/java.lang.Thread.run(Thread.java:840)
Caused by: no.rmz.rmatch.compiler.RegexpParserException: Expected char after escape char: \
	at no.rmz.rmatch.compiler.SurfaceRegexpParser$PAux.parseQuotedChar(SurfaceRegexpParser.java:164)
	at no.rmz.rmatch.compiler.SurfaceRegexpParser$PAux.parseNextChar(SurfaceRegexpParser.java:125)
	at no.rmz.rmatch.compiler.SurfaceRegexpParser$PAux.parse(SurfaceRegexpParser.java:110)
	at no.rmz.rmatch.compiler.SurfaceRegexpParser.parse(SurfaceRegexpParser.java:52)
	at no.rmz.rmatch.compiler.NDFACompilerImpl.compile(NDFACompilerImpl.java:29)
	at no.rmz.rmatch.impls.RegexpStorageImpl.add(RegexpStorageImpl.java:97)
	at no.rmz.rmatch.impls.MatcherImpl.add(MatcherImpl.java:75)
	at no.rmz.rmatch.impls.MultiMatcher.add(MultiMatcher.java:114)
	at no.rmz.rmatch.benchmarks.framework.ExtendedTestFramework.runTestSuite(ExtendedTestFramework.java:224)
	... 14 more




# JMH version: 1.37
# VM version: JDK 17.0.16, OpenJDK 64-Bit Server VM, 17.0.16+8
# VM invoker: /usr/lib/jvm/temurin-17-jdk-amd64/bin/java
# VM options: -Xms1G -Xmx1G
# Blackhole mode: compiler (auto-detected, use -Djmh.blackhole.autoDetect=false to disable)
# Warmup: 2 iterations, 1 s each
# Measurement: 1 iterations, 1 s each
# Timeout: 10 min per iteration
# Threads: 1 thread, will synchronize iterations
# Benchmark mode: Throughput, ops/time
# Benchmark: no.rmz.rmatch.benchmarks.framework.ExtendedTestFramework.runTestSuite
# Parameters: (patternCategory = SIMPLE, patternCount = 50)

# Run progress: 58.33% complete, ETA 00:00:01
# Fork: 1 of 1
# Warmup Iteration   1: <failure>

java.lang.RuntimeException: Benchmark failed
	at no.rmz.rmatch.benchmarks.framework.ExtendedTestFramework.runTestSuite(ExtendedTestFramework.java:258)
	at no.rmz.rmatch.benchmarks.framework.jmh_generated.ExtendedTestFramework_runTestSuite_jmhTest.runTestSuite_thrpt_jmhStub(ExtendedTestFramework_runTestSuite_jmhTest.java:144)
	at no.rmz.rmatch.benchmarks.framework.jmh_generated.ExtendedTestFramework_runTestSuite_jmhTest.runTestSuite_Throughput(ExtendedTestFramework_runTestSuite_jmhTest.java:84)
	at java.base/jdk.internal.reflect.NativeMethodAccessorImpl.invoke0(Native Method)
	at java.base/jdk.internal.reflect.NativeMethodAccessorImpl.invoke(NativeMethodAccessorImpl.java:77)
	at java.base/jdk.internal.reflect.DelegatingMethodAccessorImpl.invoke(DelegatingMethodAccessorImpl.java:43)
	at java.base/java.lang.reflect.Method.invoke(Method.java:569)
	at org.openjdk.jmh.runner.BenchmarkHandler$BenchmarkTask.call(BenchmarkHandler.java:527)
	at org.openjdk.jmh.runner.BenchmarkHandler$BenchmarkTask.call(BenchmarkHandler.java:504)
	at java.base/java.util.concurrent.FutureTask.run(FutureTask.java:264)
	at java.base/java.util.concurrent.Executors$RunnableAdapter.call(Executors.java:539)
	at java.base/java.util.concurrent.FutureTask.run(FutureTask.java:264)
	at java.base/java.util.concurrent.ThreadPoolExecutor.runWorker(ThreadPoolExecutor.java:1136)
	at java.base/java.util.concurrent.ThreadPoolExecutor$Worker.run(ThreadPoolExecutor.java:635)
	at java.base/java.lang.Thread.run(Thread.java:840)
Caused by: no.rmz.rmatch.compiler.RegexpParserException: Expected char after escape char: \
	at no.rmz.rmatch.compiler.SurfaceRegexpParser$PAux.parseQuotedChar(SurfaceRegexpParser.java:164)
	at no.rmz.rmatch.compiler.SurfaceRegexpParser$PAux.parseNextChar(SurfaceRegexpParser.java:125)
	at no.rmz.rmatch.compiler.SurfaceRegexpParser$PAux.parse(SurfaceRegexpParser.java:110)
	at no.rmz.rmatch.compiler.SurfaceRegexpParser.parse(SurfaceRegexpParser.java:52)
	at no.rmz.rmatch.compiler.NDFACompilerImpl.compile(NDFACompilerImpl.java:29)
	at no.rmz.rmatch.impls.RegexpStorageImpl.add(RegexpStorageImpl.java:97)
	at no.rmz.rmatch.impls.MatcherImpl.add(MatcherImpl.java:75)
	at no.rmz.rmatch.impls.MultiMatcher.add(MultiMatcher.java:114)
	at no.rmz.rmatch.benchmarks.framework.ExtendedTestFramework.runTestSuite(ExtendedTestFramework.java:224)
	... 14 more




# JMH version: 1.37
# VM version: JDK 17.0.16, OpenJDK 64-Bit Server VM, 17.0.16+8
# VM invoker: /usr/lib/jvm/temurin-17-jdk-amd64/bin/java
# VM options: -Xms1G -Xmx1G
# Blackhole mode: compiler (auto-detected, use -Djmh.blackhole.autoDetect=false to disable)
# Warmup: 2 iterations, 1 s each
# Measurement: 1 iterations, 1 s each
# Timeout: 10 min per iteration
# Threads: 1 thread, will synchronize iterations
# Benchmark mode: Throughput, ops/time
# Benchmark: no.rmz.rmatch.benchmarks.framework.ExtendedTestFramework.runTestSuite
# Parameters: (patternCategory = SIMPLE, patternCount = 100)

# Run progress: 66.67% complete, ETA 00:00:01
# Fork: 1 of 1
# Warmup Iteration   1: <failure>

java.lang.RuntimeException: Benchmark failed
	at no.rmz.rmatch.benchmarks.framework.ExtendedTestFramework.runTestSuite(ExtendedTestFramework.java:258)
	at no.rmz.rmatch.benchmarks.framework.jmh_generated.ExtendedTestFramework_runTestSuite_jmhTest.runTestSuite_thrpt_jmhStub(ExtendedTestFramework_runTestSuite_jmhTest.java:144)
	at no.rmz.rmatch.benchmarks.framework.jmh_generated.ExtendedTestFramework_runTestSuite_jmhTest.runTestSuite_Throughput(ExtendedTestFramework_runTestSuite_jmhTest.java:84)
	at java.base/jdk.internal.reflect.NativeMethodAccessorImpl.invoke0(Native Method)
	at java.base/jdk.internal.reflect.NativeMethodAccessorImpl.invoke(NativeMethodAccessorImpl.java:77)
	at java.base/jdk.internal.reflect.DelegatingMethodAccessorImpl.invoke(DelegatingMethodAccessorImpl.java:43)
	at java.base/java.lang.reflect.Method.invoke(Method.java:569)
	at org.openjdk.jmh.runner.BenchmarkHandler$BenchmarkTask.call(BenchmarkHandler.java:527)
	at org.openjdk.jmh.runner.BenchmarkHandler$BenchmarkTask.call(BenchmarkHandler.java:504)
	at java.base/java.util.concurrent.FutureTask.run(FutureTask.java:264)
	at java.base/java.util.concurrent.Executors$RunnableAdapter.call(Executors.java:539)
	at java.base/java.util.concurrent.FutureTask.run(FutureTask.java:264)
	at java.base/java.util.concurrent.ThreadPoolExecutor.runWorker(ThreadPoolExecutor.java:1136)
	at java.base/java.util.concurrent.ThreadPoolExecutor$Worker.run(ThreadPoolExecutor.java:635)
	at java.base/java.lang.Thread.run(Thread.java:840)
Caused by: no.rmz.rmatch.compiler.RegexpParserException: Expected char after escape char: \
	at no.rmz.rmatch.compiler.SurfaceRegexpParser$PAux.parseQuotedChar(SurfaceRegexpParser.java:164)
	at no.rmz.rmatch.compiler.SurfaceRegexpParser$PAux.parseNextChar(SurfaceRegexpParser.java:125)
	at no.rmz.rmatch.compiler.SurfaceRegexpParser$PAux.parse(SurfaceRegexpParser.java:110)
	at no.rmz.rmatch.compiler.SurfaceRegexpParser.parse(SurfaceRegexpParser.java:52)
	at no.rmz.rmatch.compiler.NDFACompilerImpl.compile(NDFACompilerImpl.java:29)
	at no.rmz.rmatch.impls.RegexpStorageImpl.add(RegexpStorageImpl.java:97)
	at no.rmz.rmatch.impls.MatcherImpl.add(MatcherImpl.java:75)
	at no.rmz.rmatch.impls.MultiMatcher.add(MultiMatcher.java:114)
	at no.rmz.rmatch.benchmarks.framework.ExtendedTestFramework.runTestSuite(ExtendedTestFramework.java:224)
	... 14 more




# JMH version: 1.37
# VM version: JDK 17.0.16, OpenJDK 64-Bit Server VM, 17.0.16+8
# VM invoker: /usr/lib/jvm/temurin-17-jdk-amd64/bin/java
# VM options: -Xms1G -Xmx1G
# Blackhole mode: compiler (auto-detected, use -Djmh.blackhole.autoDetect=false to disable)
# Warmup: 2 iterations, 1 s each
# Measurement: 1 iterations, 1 s each
# Timeout: 10 min per iteration
# Threads: 1 thread, will synchronize iterations
# Benchmark mode: Throughput, ops/time
# Benchmark: no.rmz.rmatch.benchmarks.framework.ExtendedTestFramework.runTestSuite
# Parameters: (patternCategory = COMPLEX, patternCount = 10)

# Run progress: 75.00% complete, ETA 00:00:00
# Fork: 1 of 1
# Warmup Iteration   1: <failure>

java.lang.RuntimeException: Benchmark failed
	at no.rmz.rmatch.benchmarks.framework.ExtendedTestFramework.runTestSuite(ExtendedTestFramework.java:258)
	at no.rmz.rmatch.benchmarks.framework.jmh_generated.ExtendedTestFramework_runTestSuite_jmhTest.runTestSuite_thrpt_jmhStub(ExtendedTestFramework_runTestSuite_jmhTest.java:144)
	at no.rmz.rmatch.benchmarks.framework.jmh_generated.ExtendedTestFramework_runTestSuite_jmhTest.runTestSuite_Throughput(ExtendedTestFramework_runTestSuite_jmhTest.java:84)
	at java.base/jdk.internal.reflect.NativeMethodAccessorImpl.invoke0(Native Method)
	at java.base/jdk.internal.reflect.NativeMethodAccessorImpl.invoke(NativeMethodAccessorImpl.java:77)
	at java.base/jdk.internal.reflect.DelegatingMethodAccessorImpl.invoke(DelegatingMethodAccessorImpl.java:43)
	at java.base/java.lang.reflect.Method.invoke(Method.java:569)
	at org.openjdk.jmh.runner.BenchmarkHandler$BenchmarkTask.call(BenchmarkHandler.java:527)
	at org.openjdk.jmh.runner.BenchmarkHandler$BenchmarkTask.call(BenchmarkHandler.java:504)
	at java.base/java.util.concurrent.FutureTask.run(FutureTask.java:264)
	at java.base/java.util.concurrent.Executors$RunnableAdapter.call(Executors.java:539)
	at java.base/java.util.concurrent.FutureTask.run(FutureTask.java:264)
	at java.base/java.util.concurrent.ThreadPoolExecutor.runWorker(ThreadPoolExecutor.java:1136)
	at java.base/java.util.concurrent.ThreadPoolExecutor$Worker.run(ThreadPoolExecutor.java:635)
	at java.base/java.lang.Thread.run(Thread.java:840)
Caused by: no.rmz.rmatch.compiler.RegexpParserException: Expected char after escape char: \
	at no.rmz.rmatch.compiler.SurfaceRegexpParser$PAux.parseQuotedChar(SurfaceRegexpParser.java:164)
	at no.rmz.rmatch.compiler.SurfaceRegexpParser$PAux.parseNextChar(SurfaceRegexpParser.java:125)
	at no.rmz.rmatch.compiler.SurfaceRegexpParser$PAux.parse(SurfaceRegexpParser.java:110)
	at no.rmz.rmatch.compiler.SurfaceRegexpParser.parse(SurfaceRegexpParser.java:52)
	at no.rmz.rmatch.compiler.NDFACompilerImpl.compile(NDFACompilerImpl.java:29)
	at no.rmz.rmatch.impls.RegexpStorageImpl.add(RegexpStorageImpl.java:97)
	at no.rmz.rmatch.impls.MatcherImpl.add(MatcherImpl.java:75)
	at no.rmz.rmatch.impls.MultiMatcher.add(MultiMatcher.java:114)
	at no.rmz.rmatch.benchmarks.framework.ExtendedTestFramework.runTestSuite(ExtendedTestFramework.java:224)
	... 14 more




# JMH version: 1.37
# VM version: JDK 17.0.16, OpenJDK 64-Bit Server VM, 17.0.16+8
# VM invoker: /usr/lib/jvm/temurin-17-jdk-amd64/bin/java
# VM options: -Xms1G -Xmx1G
# Blackhole mode: compiler (auto-detected, use -Djmh.blackhole.autoDetect=false to disable)
# Warmup: 2 iterations, 1 s each
# Measurement: 1 iterations, 1 s each
# Timeout: 10 min per iteration
# Threads: 1 thread, will synchronize iterations
# Benchmark mode: Throughput, ops/time
# Benchmark: no.rmz.rmatch.benchmarks.framework.ExtendedTestFramework.runTestSuite
# Parameters: (patternCategory = COMPLEX, patternCount = 50)

# Run progress: 83.33% complete, ETA 00:00:00
# Fork: 1 of 1
# Warmup Iteration   1: <failure>

java.lang.RuntimeException: Benchmark failed
	at no.rmz.rmatch.benchmarks.framework.ExtendedTestFramework.runTestSuite(ExtendedTestFramework.java:258)
	at no.rmz.rmatch.benchmarks.framework.jmh_generated.ExtendedTestFramework_runTestSuite_jmhTest.runTestSuite_thrpt_jmhStub(ExtendedTestFramework_runTestSuite_jmhTest.java:144)
	at no.rmz.rmatch.benchmarks.framework.jmh_generated.ExtendedTestFramework_runTestSuite_jmhTest.runTestSuite_Throughput(ExtendedTestFramework_runTestSuite_jmhTest.java:84)
	at java.base/jdk.internal.reflect.NativeMethodAccessorImpl.invoke0(Native Method)
	at java.base/jdk.internal.reflect.NativeMethodAccessorImpl.invoke(NativeMethodAccessorImpl.java:77)
	at java.base/jdk.internal.reflect.DelegatingMethodAccessorImpl.invoke(DelegatingMethodAccessorImpl.java:43)
	at java.base/java.lang.reflect.Method.invoke(Method.java:569)
	at org.openjdk.jmh.runner.BenchmarkHandler$BenchmarkTask.call(BenchmarkHandler.java:527)
	at org.openjdk.jmh.runner.BenchmarkHandler$BenchmarkTask.call(BenchmarkHandler.java:504)
	at java.base/java.util.concurrent.FutureTask.run(FutureTask.java:264)
	at java.base/java.util.concurrent.Executors$RunnableAdapter.call(Executors.java:539)
	at java.base/java.util.concurrent.FutureTask.run(FutureTask.java:264)
	at java.base/java.util.concurrent.ThreadPoolExecutor.runWorker(ThreadPoolExecutor.java:1136)
	at java.base/java.util.concurrent.ThreadPoolExecutor$Worker.run(ThreadPoolExecutor.java:635)
	at java.base/java.lang.Thread.run(Thread.java:840)
Caused by: no.rmz.rmatch.compiler.RegexpParserException: Expected char after escape char: \
	at no.rmz.rmatch.compiler.SurfaceRegexpParser$PAux.parseQuotedChar(SurfaceRegexpParser.java:164)
	at no.rmz.rmatch.compiler.SurfaceRegexpParser$PAux.parseNextChar(SurfaceRegexpParser.java:125)
	at no.rmz.rmatch.compiler.SurfaceRegexpParser$PAux.parse(SurfaceRegexpParser.java:110)
	at no.rmz.rmatch.compiler.SurfaceRegexpParser.parse(SurfaceRegexpParser.java:52)
	at no.rmz.rmatch.compiler.NDFACompilerImpl.compile(NDFACompilerImpl.java:29)
	at no.rmz.rmatch.impls.RegexpStorageImpl.add(RegexpStorageImpl.java:97)
	at no.rmz.rmatch.impls.MatcherImpl.add(MatcherImpl.java:75)
	at no.rmz.rmatch.impls.MultiMatcher.add(MultiMatcher.java:114)
	at no.rmz.rmatch.benchmarks.framework.ExtendedTestFramework.runTestSuite(ExtendedTestFramework.java:224)
	... 14 more




# JMH version: 1.37
# VM version: JDK 17.0.16, OpenJDK 64-Bit Server VM, 17.0.16+8
# VM invoker: /usr/lib/jvm/temurin-17-jdk-amd64/bin/java
# VM options: -Xms1G -Xmx1G
# Blackhole mode: compiler (auto-detected, use -Djmh.blackhole.autoDetect=false to disable)
# Warmup: 2 iterations, 1 s each
# Measurement: 1 iterations, 1 s each
# Timeout: 10 min per iteration
# Threads: 1 thread, will synchronize iterations
# Benchmark mode: Throughput, ops/time
# Benchmark: no.rmz.rmatch.benchmarks.framework.ExtendedTestFramework.runTestSuite
# Parameters: (patternCategory = COMPLEX, patternCount = 100)

# Run progress: 91.67% complete, ETA 00:00:00
# Fork: 1 of 1
# Warmup Iteration   1: <failure>

java.lang.RuntimeException: Benchmark failed
	at no.rmz.rmatch.benchmarks.framework.ExtendedTestFramework.runTestSuite(ExtendedTestFramework.java:258)
	at no.rmz.rmatch.benchmarks.framework.jmh_generated.ExtendedTestFramework_runTestSuite_jmhTest.runTestSuite_thrpt_jmhStub(ExtendedTestFramework_runTestSuite_jmhTest.java:144)
	at no.rmz.rmatch.benchmarks.framework.jmh_generated.ExtendedTestFramework_runTestSuite_jmhTest.runTestSuite_Throughput(ExtendedTestFramework_runTestSuite_jmhTest.java:84)
	at java.base/jdk.internal.reflect.NativeMethodAccessorImpl.invoke0(Native Method)
	at java.base/jdk.internal.reflect.NativeMethodAccessorImpl.invoke(NativeMethodAccessorImpl.java:77)
	at java.base/jdk.internal.reflect.DelegatingMethodAccessorImpl.invoke(DelegatingMethodAccessorImpl.java:43)
	at java.base/java.lang.reflect.Method.invoke(Method.java:569)
	at org.openjdk.jmh.runner.BenchmarkHandler$BenchmarkTask.call(BenchmarkHandler.java:527)
	at org.openjdk.jmh.runner.BenchmarkHandler$BenchmarkTask.call(BenchmarkHandler.java:504)
	at java.base/java.util.concurrent.FutureTask.run(FutureTask.java:264)
	at java.base/java.util.concurrent.Executors$RunnableAdapter.call(Executors.java:539)
	at java.base/java.util.concurrent.FutureTask.run(FutureTask.java:264)
	at java.base/java.util.concurrent.ThreadPoolExecutor.runWorker(ThreadPoolExecutor.java:1136)
	at java.base/java.util.concurrent.ThreadPoolExecutor$Worker.run(ThreadPoolExecutor.java:635)
	at java.base/java.lang.Thread.run(Thread.java:840)
Caused by: no.rmz.rmatch.compiler.RegexpParserException: Expected char after escape char: \
	at no.rmz.rmatch.compiler.SurfaceRegexpParser$PAux.parseQuotedChar(SurfaceRegexpParser.java:164)
	at no.rmz.rmatch.compiler.SurfaceRegexpParser$PAux.parseNextChar(SurfaceRegexpParser.java:125)
	at no.rmz.rmatch.compiler.SurfaceRegexpParser$PAux.parse(SurfaceRegexpParser.java:110)
	at no.rmz.rmatch.compiler.SurfaceRegexpParser.parse(SurfaceRegexpParser.java:52)
	at no.rmz.rmatch.compiler.NDFACompilerImpl.compile(NDFACompilerImpl.java:29)
	at no.rmz.rmatch.impls.RegexpStorageImpl.add(RegexpStorageImpl.java:97)
	at no.rmz.rmatch.impls.MatcherImpl.add(MatcherImpl.java:75)
	at no.rmz.rmatch.impls.MultiMatcher.add(MultiMatcher.java:114)
	at no.rmz.rmatch.benchmarks.framework.ExtendedTestFramework.runTestSuite(ExtendedTestFramework.java:224)
	... 14 more




# Run complete. Total time: 00:00:03

REMEMBER: The numbers below are just data. To gain reusable insights, you need to follow up on
why the numbers are the way they are. Use profilers (see -prof, -lprof), design factorial
experiments, perform baseline and negative tests that provide experimental control, make sure
the benchmarking environment is safe on JVM/OS/HW level, ask for reviews from the domain experts.
Do not assume the numbers tell you what you want them to tell.

NOTE: Current JVM experimentally supports Compiler Blackholes, and they are in use. Please exercise
extra caution when trusting the results, look into the generated code to check the benchmark still
works, and factor in a small probability of new VM bugs. Additionally, while comparisons between
different JVMs are already problematic, the performance difference caused by different Blackhole
modes can be very significant. Please make sure you use the consistent Blackhole mode for comparisons.

Benchmark  Mode  Cnt  Score   Error  Units

Benchmark result is saved to benchmarks/results/jmh-20250918T201101Z.json
