# JRE version: OpenJDK Runtime Environment (21.0.1+12) (build 21.0.1+12-29)
# Java VM: OpenJDK 64-Bit Server VM (21.0.1+12-29, mixed mode, sharing, tiered, compressed oops, compressed class ptrs, g1 gc, bsd-amd64)
GC Precious Log:
 CardTable entry size: 512
 Card Set container configuration: InlinePtr #cards 3 size 8 Array Of Cards #cards 128 size 272 Howl #buckets 8 coarsen threshold 29491 Howl Bitmap #cards 4096 size 528 coarsen threshold 3686 Card regions per heap region 1 cards per card region 32768
 CPUs: 12 total, 12 available
 Memory: 98304M
 Large Page Support: Disabled
 NUMA Support: Disabled
 Compressed Oops: Enabled (Non-zero based)
 Heap Region Size: 16M
 Heap Min Capacity: 16M
 Heap Initial Capacity: 1536M
 Heap Max Capacity: 24G
 Pre-touch: Disabled
 Parallel Workers: 10
 Concurrent Workers: 3
 Concurrent Refinement Workers: 10
 Periodic GC: Disabled
Heap:
 garbage-first heap   total 6651904K, used 4316179K [0x0000000310000000, 0x0000000910000000)
  region size 16384K, 243 young (3981312K), 2 survivors (32768K)
 Metaspace       used 9968K, committed 10304K, reserved 1114112K
  class space    used 1054K, committed 1216K, reserved 1048576K
GC Heap History (20 events):
Event: 26.232 GC heap before
{Heap before GC invocations=36 (full 0):
 garbage-first heap   total 6651904K, used 4262719K [0x0000000310000000, 0x0000000910000000)
  region size 16384K, 243 young (3981312K), 3 survivors (49152K)
 Metaspace       used 9928K, committed 10240K, reserved 1114112K
  class space    used 1054K, committed 1216K, reserved 1048576K
}
Event: 26.247 GC heap after
{Heap after GC invocations=37 (full 0):
 garbage-first heap   total 6651904K, used 351662K [0x0000000310000000, 0x0000000910000000)
  region size 16384K, 3 young (49152K), 3 survivors (49152K)
 Metaspace       used 9928K, committed 10240K, reserved 1114112K
  class space    used 1054K, committed 1216K, reserved 1048576K
}
Event: 27.239 GC heap before
{Heap before GC invocations=37 (full 0):
 garbage-first heap   total 6651904K, used 4283822K [0x0000000310000000, 0x0000000910000000)
  region size 16384K, 243 young (3981312K), 3 survivors (49152K)
 Metaspace       used 9939K, committed 10240K, reserved 1114112K
  class space    used 1054K, committed 1216K, reserved 1048576K
}
Event: 27.253 GC heap after
{Heap after GC invocations=38 (full 0):
 garbage-first heap   total 6651904K, used 352807K [0x0000000310000000, 0x0000000910000000)
  region size 16384K, 3 young (49152K), 3 survivors (49152K)
 Metaspace       used 9939K, committed 10240K, reserved 1114112K
  class space    used 1054K, committed 1216K, reserved 1048576K
}
Event: 28.192 GC heap before
{Heap before GC invocations=38 (full 0):
 garbage-first heap   total 6651904K, used 4284967K [0x0000000310000000, 0x0000000910000000)
  region size 16384K, 243 young (3981312K), 3 survivors (49152K)
 Metaspace       used 9940K, committed 10240K, reserved 1114112K
  class space    used 1054K, committed 1216K, reserved 1048576K
}
Event: 28.205 GC heap after
{Heap after GC invocations=39 (full 0):
 garbage-first heap   total 6651904K, used 356654K [0x0000000310000000, 0x0000000910000000)
  region size 16384K, 3 young (49152K), 3 survivors (49152K)
 Metaspace       used 9940K, committed 10240K, reserved 1114112K
  class space    used 1054K, committed 1216K, reserved 1048576K
}
Event: 29.002 GC heap before
{Heap before GC invocations=39 (full 0):
 garbage-first heap   total 6651904K, used 4272430K [0x0000000310000000, 0x0000000910000000)
  region size 16384K, 243 young (3981312K), 3 survivors (49152K)
 Metaspace       used 9943K, committed 10240K, reserved 1114112K
  class space    used 1054K, committed 1216K, reserved 1048576K
}
Event: 29.016 GC heap after
{Heap after GC invocations=40 (full 0):
 garbage-first heap   total 6651904K, used 357602K [0x0000000310000000, 0x0000000910000000)
  region size 16384K, 3 young (49152K), 3 survivors (49152K)
 Metaspace       used 9943K, committed 10240K, reserved 1114112K
  class space    used 1054K, committed 1216K, reserved 1048576K
}
Event: 30.017 GC heap before
{Heap before GC invocations=40 (full 0):
 garbage-first heap   total 6651904K, used 4289762K [0x0000000310000000, 0x0000000910000000)
  region size 16384K, 243 young (3981312K), 3 survivors (49152K)
 Metaspace       used 9963K, committed 10304K, reserved 1114112K
  class space    used 1054K, committed 1216K, reserved 1048576K
}
Event: 30.030 GC heap after
{Heap after GC invocations=41 (full 0):
 garbage-first heap   total 6651904K, used 359384K [0x0000000310000000, 0x0000000910000000)
  region size 16384K, 3 young (49152K), 3 survivors (49152K)
 Metaspace       used 9963K, committed 10304K, reserved 1114112K
  class space    used 1054K, committed 1216K, reserved 1048576K
}
Event: 31.009 GC heap before
{Heap before GC invocations=41 (full 0):
 garbage-first heap   total 6651904K, used 4291544K [0x0000000310000000, 0x0000000910000000)
  region size 16384K, 243 young (3981312K), 3 survivors (49152K)
 Metaspace       used 9965K, committed 10304K, reserved 1114112K
  class space    used 1054K, committed 1216K, reserved 1048576K
}
Event: 31.023 GC heap after
{Heap after GC invocations=42 (full 0):
 garbage-first heap   total 6651904K, used 361001K [0x0000000310000000, 0x0000000910000000)
  region size 16384K, 3 young (49152K), 3 survivors (49152K)
 Metaspace       used 9965K, committed 10304K, reserved 1114112K
  class space    used 1054K, committed 1216K, reserved 1048576K
}
Event: 31.925 GC heap before
{Heap before GC invocations=42 (full 0):
 garbage-first heap   total 6651904K, used 4293161K [0x0000000310000000, 0x0000000910000000)
  region size 16384K, 243 young (3981312K), 3 survivors (49152K)
 Metaspace       used 9965K, committed 10304K, reserved 1114112K
  class space    used 1054K, committed 1216K, reserved 1048576K
}
Event: 31.938 GC heap after
{Heap after GC invocations=43 (full 0):
 garbage-first heap   total 6651904K, used 363021K [0x0000000310000000, 0x0000000910000000)
  region size 16384K, 3 young (49152K), 3 survivors (49152K)
 Metaspace       used 9965K, committed 10304K, reserved 1114112K
  class space    used 1054K, committed 1216K, reserved 1048576K
}
Event: 32.770 GC heap before
{Heap before GC invocations=43 (full 0):
 garbage-first heap   total 6651904K, used 4278797K [0x0000000310000000, 0x0000000910000000)
  region size 16384K, 243 young (3981312K), 3 survivors (49152K)
 Metaspace       used 9965K, committed 10304K, reserved 1114112K
  class space    used 1054K, committed 1216K, reserved 1048576K
}
Event: 32.782 GC heap after
{Heap after GC invocations=44 (full 0):
 garbage-first heap   total 6651904K, used 365313K [0x0000000310000000, 0x0000000910000000)
  region size 16384K, 3 young (49152K), 3 survivors (49152K)
 Metaspace       used 9965K, committed 10304K, reserved 1114112K
  class space    used 1054K, committed 1216K, reserved 1048576K
}
Event: 33.652 GC heap before
{Heap before GC invocations=44 (full 0):
 garbage-first heap   total 6651904K, used 4297473K [0x0000000310000000, 0x0000000910000000)
  region size 16384K, 243 young (3981312K), 3 survivors (49152K)
 Metaspace       used 9966K, committed 10304K, reserved 1114112K
  class space    used 1054K, committed 1216K, reserved 1048576K
}
Event: 33.664 GC heap after
{Heap after GC invocations=45 (full 0):
 garbage-first heap   total 6651904K, used 366229K [0x0000000310000000, 0x0000000910000000)
  region size 16384K, 3 young (49152K), 3 survivors (49152K)
 Metaspace       used 9966K, committed 10304K, reserved 1114112K
  class space    used 1054K, committed 1216K, reserved 1048576K
}
Event: 34.523 GC heap before
{Heap before GC invocations=45 (full 0):
 garbage-first heap   total 6651904K, used 4298389K [0x0000000310000000, 0x0000000910000000)
  region size 16384K, 243 young (3981312K), 3 survivors (49152K)
 Metaspace       used 9966K, committed 10304K, reserved 1114112K
  class space    used 1054K, committed 1216K, reserved 1048576K
}
Event: 34.534 GC heap after
{Heap after GC invocations=46 (full 0):
 garbage-first heap   total 6651904K, used 367635K [0x0000000310000000, 0x0000000910000000)
  region size 16384K, 2 young (32768K), 2 survivors (32768K)
 Metaspace       used 9966K, committed 10304K, reserved 1114112K
  class space    used 1054K, committed 1216K, reserved 1048576K
}

